-------------------------------------------------------------------------------
Test set: TestSuite
-------------------------------------------------------------------------------
Tests run: 3, Failures: 1, Errors: 0, Skipped: 0, Time elapsed: 50.262 s <<< FAILURE! - in TestSuite
cucumberOptions.TestNGTestRunner.runScenario["Search Experience for product search in both home and Offers page", "Search and Place the order for Products"](2)  Time elapsed: 41.984 s  <<< FAILURE!
java.lang.AssertionError: expected [No data] but found [Beetroot]

